<?xml version="1.0" encoding="UTF-8"?>
<robot generator="Robot 3.2.2 (Python 3.8.0 on win32)" generated="20210927 15:59:41.295" rpa="false">
<suite id="s1" name="Tests" source="C:\Users\DELL\Desktop\Moolya assesment\assesment9.1\Tests">
<suite id="s1-s1" name="Test" source="C:\Users\DELL\Desktop\Moolya assesment\assesment9.1\Tests\test.robot">
<test id="s1-s1-t1" name="user should be able to search in flipkart application">
<kw name="Launch the flipkart application">
<kw name="Open Application" library="AppiumLibrary">
<doc>Opens a new application to given Appium server.
Capabilities of appium server, Android and iOS,
Please check https://github.com/appium/appium/blob/master/docs/en/writing-running-appium/server-args.md
| *Option*            | *Man.* | *Description*     |
| remote_url          | Yes    | Appium server url |
| alias               | no     | alias             |</doc>
<arguments>
<arg>${mir_server}</arg>
<arg>platformName=${platformName}</arg>
<arg>platformVersion=${platformVersion}</arg>
<arg>deviceName=${deviceName}</arg>
<arg>appActivity=${app_Activity}</arg>
<arg>appPackage=${appPackage}</arg>
<arg>noReset=true</arg>
</arguments>
<status status="PASS" starttime="20210927 15:59:41.557" endtime="20210927 15:59:55.180"></status>
</kw>
<kw name="Capture Page Screenshot" library="AppiumLibrary">
<doc>Takes a screenshot of the current page and embeds it into the log.</doc>
<arguments>
<arg>mainpage.png</arg>
</arguments>
<msg timestamp="20210927 15:59:56.107" level="INFO" html="yes">&lt;/td&gt;&lt;/tr&gt;&lt;tr&gt;&lt;td colspan="3"&gt;&lt;a href="mainpage.png"&gt;&lt;img src="mainpage.png" width="800px"&gt;&lt;/a&gt;</msg>
<status status="PASS" starttime="20210927 15:59:55.181" endtime="20210927 15:59:56.108"></status>
</kw>
<status status="PASS" starttime="20210927 15:59:41.557" endtime="20210927 15:59:56.109"></status>
</kw>
<kw name="Search for an Mobiles">
<kw name="Wait Until Element Is Visible" library="AppiumLibrary">
<doc>Waits until element specified with `locator` is visible.</doc>
<arguments>
<arg>xpath=//android.widget.RelativeLayout[@content-desc="Search on flipkart"]/android.widget.TextView</arg>
<arg>timeout=40s</arg>
</arguments>
<status status="PASS" starttime="20210927 15:59:56.111" endtime="20210927 15:59:59.166"></status>
</kw>
<kw name="Click Element" library="AppiumLibrary">
<doc>Click element identified by `locator`.</doc>
<arguments>
<arg>xpath=//android.widget.RelativeLayout[@content-desc="Search on flipkart"]/android.widget.TextView</arg>
</arguments>
<msg timestamp="20210927 15:59:59.170" level="INFO">Clicking element 'xpath=//android.widget.RelativeLayout[@content-desc="Search on flipkart"]/android.widget.TextView'.</msg>
<status status="PASS" starttime="20210927 15:59:59.166" endtime="20210927 16:00:03.181"></status>
</kw>
<kw name="Wait Until Element Is Visible" library="AppiumLibrary">
<doc>Waits until element specified with `locator` is visible.</doc>
<arguments>
<arg>id=com.flipkart.android:id/search_autoCompleteTextView</arg>
<arg>timeout=40s</arg>
</arguments>
<status status="PASS" starttime="20210927 16:00:03.181" endtime="20210927 16:00:03.246"></status>
</kw>
<kw name="Input Text" library="AppiumLibrary">
<doc>Types the given `text` into text field identified by `locator`.</doc>
<arguments>
<arg>id=com.flipkart.android:id/search_autoCompleteTextView</arg>
<arg>Mobiles</arg>
</arguments>
<msg timestamp="20210927 16:00:03.248" level="INFO">Typing text 'Mobiles' into text field 'id=com.flipkart.android:id/search_autoCompleteTextView'</msg>
<status status="PASS" starttime="20210927 16:00:03.246" endtime="20210927 16:00:04.057"></status>
</kw>
<kw name="Capture Page Screenshot" library="AppiumLibrary">
<doc>Takes a screenshot of the current page and embeds it into the log.</doc>
<arguments>
<arg>search.png</arg>
</arguments>
<msg timestamp="20210927 16:00:04.726" level="INFO" html="yes">&lt;/td&gt;&lt;/tr&gt;&lt;tr&gt;&lt;td colspan="3"&gt;&lt;a href="search.png"&gt;&lt;img src="search.png" width="800px"&gt;&lt;/a&gt;</msg>
<status status="PASS" starttime="20210927 16:00:04.057" endtime="20210927 16:00:04.726"></status>
</kw>
<kw name="Wait Until Element Is Visible" library="AppiumLibrary">
<doc>Waits until element specified with `locator` is visible.</doc>
<arguments>
<arg>id=com.flipkart.android:id/txt_subtitle</arg>
<arg>timeout=40s</arg>
</arguments>
<status status="PASS" starttime="20210927 16:00:04.728" endtime="20210927 16:00:05.023"></status>
</kw>
<kw name="Click Element" library="AppiumLibrary">
<doc>Click element identified by `locator`.</doc>
<arguments>
<arg>id=com.flipkart.android:id/txt_subtitle</arg>
</arguments>
<msg timestamp="20210927 16:00:05.027" level="INFO">Clicking element 'id=com.flipkart.android:id/txt_subtitle'.</msg>
<status status="PASS" starttime="20210927 16:00:05.023" endtime="20210927 16:00:05.153"></status>
</kw>
<kw name="Wait Until Element Is Visible" library="AppiumLibrary">
<doc>Waits until element specified with `locator` is visible.</doc>
<arguments>
<arg>xpath=/hierarchy/android.widget.FrameLayout/android.widget.LinearLayout/android.widget.FrameLayout/android.widget.LinearLayout/android.widget.FrameLayout/androidx.drawerlayout.widget.DrawerLayout/android.view.ViewGroup/android.widget.FrameLayout/android.widget.FrameLayout/android.widget.FrameLayout/android.view.ViewGroup/android.view.ViewGroup[1]/android.widget.ScrollView/android.view.ViewGroup/android.view.ViewGroup/android.view.ViewGroup[3]/android.view.ViewGroup/android.view.ViewGroup[1]/android.view.ViewGroup</arg>
<arg>timeout=40s</arg>
</arguments>
<status status="PASS" starttime="20210927 16:00:05.153" endtime="20210927 16:00:08.593"></status>
</kw>
<kw name="Swipe" library="AppiumLibrary">
<doc>Swipe from one point to another point, for an optional duration.</doc>
<arguments>
<arg>447</arg>
<arg>1988</arg>
<arg>538</arg>
<arg>614</arg>
</arguments>
<status status="PASS" starttime="20210927 16:00:08.594" endtime="20210927 16:00:10.308"></status>
</kw>
<kw name="Swipe" library="AppiumLibrary">
<doc>Swipe from one point to another point, for an optional duration.</doc>
<arguments>
<arg>523</arg>
<arg>1977</arg>
<arg>530</arg>
<arg>633</arg>
</arguments>
<status status="PASS" starttime="20210927 16:00:10.308" endtime="20210927 16:00:11.813"></status>
</kw>
<kw name="Swipe" library="AppiumLibrary">
<doc>Swipe from one point to another point, for an optional duration.</doc>
<arguments>
<arg>527</arg>
<arg>2053</arg>
<arg>496</arg>
<arg>618</arg>
</arguments>
<status status="PASS" starttime="20210927 16:00:11.813" endtime="20210927 16:00:13.278"></status>
</kw>
<kw name="Capture Page Screenshot" library="AppiumLibrary">
<doc>Takes a screenshot of the current page and embeds it into the log.</doc>
<arguments>
<arg>mobile.png</arg>
</arguments>
<msg timestamp="20210927 16:00:14.169" level="INFO" html="yes">&lt;/td&gt;&lt;/tr&gt;&lt;tr&gt;&lt;td colspan="3"&gt;&lt;a href="mobile.png"&gt;&lt;img src="mobile.png" width="800px"&gt;&lt;/a&gt;</msg>
<status status="PASS" starttime="20210927 16:00:13.279" endtime="20210927 16:00:14.170"></status>
</kw>
<status status="PASS" starttime="20210927 15:59:56.110" endtime="20210927 16:00:14.170"></status>
</kw>
<kw name="Select a phone which we like">
<kw name="Wait Until Element Is Visible" library="AppiumLibrary">
<doc>Waits until element specified with `locator` is visible.</doc>
<arguments>
<arg>xpath=/hierarchy/android.widget.FrameLayout/android.widget.LinearLayout/android.widget.FrameLayout/android.widget.LinearLayout/android.widget.FrameLayout/androidx.drawerlayout.widget.DrawerLayout/android.view.ViewGroup/android.widget.FrameLayout/android.widget.FrameLayout/android.widget.FrameLayout/android.view.ViewGroup/android.view.ViewGroup[1]/android.widget.ScrollView/android.view.ViewGroup/android.view.ViewGroup/android.view.ViewGroup[3]/android.view.ViewGroup/android.view.ViewGroup[1]/android.view.ViewGroup</arg>
<arg>timeout=40s</arg>
</arguments>
<status status="PASS" starttime="20210927 16:00:14.173" endtime="20210927 16:00:14.447"></status>
</kw>
<kw name="Click Element" library="AppiumLibrary">
<doc>Click element identified by `locator`.</doc>
<arguments>
<arg>xpath=/hierarchy/android.widget.FrameLayout/android.widget.LinearLayout/android.widget.FrameLayout/android.widget.LinearLayout/android.widget.FrameLayout/androidx.drawerlayout.widget.DrawerLayout/android.view.ViewGroup/android.widget.FrameLayout/android.widget.FrameLayout/android.widget.FrameLayout/android.view.ViewGroup/android.view.ViewGroup[1]/android.widget.ScrollView/android.view.ViewGroup/android.view.ViewGroup/android.view.ViewGroup[3]/android.view.ViewGroup/android.view.ViewGroup[1]/android.view.ViewGroup</arg>
</arguments>
<msg timestamp="20210927 16:00:14.450" level="INFO">Clicking element 'xpath=/hierarchy/android.widget.FrameLayout/android.widget.LinearLayout/android.widget.FrameLayout/android.widget.LinearLayout/android.widget.FrameLayout/androidx.drawerlayout.widget.DrawerLayout/android.view.ViewGroup/android.widget.FrameLayout/android.widget.FrameLayout/android.widget.FrameLayout/android.view.ViewGroup/android.view.ViewGroup[1]/android.widget.ScrollView/android.view.ViewGroup/android.view.ViewGroup/android.view.ViewGroup[3]/android.view.ViewGroup/android.view.ViewGroup[1]/android.view.ViewGroup'.</msg>
<status status="PASS" starttime="20210927 16:00:14.448" endtime="20210927 16:00:14.710"></status>
</kw>
<kw name="Capture Page Screenshot" library="AppiumLibrary">
<doc>Takes a screenshot of the current page and embeds it into the log.</doc>
<arguments>
<arg>t1.png</arg>
</arguments>
<msg timestamp="20210927 16:00:16.016" level="INFO" html="yes">&lt;/td&gt;&lt;/tr&gt;&lt;tr&gt;&lt;td colspan="3"&gt;&lt;a href="t1.png"&gt;&lt;img src="t1.png" width="800px"&gt;&lt;/a&gt;</msg>
<status status="PASS" starttime="20210927 16:00:14.710" endtime="20210927 16:00:16.017"></status>
</kw>
<kw name="Wait Until Element Is Visible" library="AppiumLibrary">
<doc>Waits until element specified with `locator` is visible.</doc>
<arguments>
<arg>xpath=/hierarchy/android.widget.FrameLayout/android.widget.LinearLayout/android.widget.FrameLayout/android.widget.LinearLayout/android.widget.FrameLayout/androidx.drawerlayout.widget.DrawerLayout/android.view.ViewGroup/android.widget.FrameLayout/android.widget.FrameLayout/android.widget.FrameLayout/android.view.ViewGroup/android.view.ViewGroup/android.view.ViewGroup/android.view.ViewGroup/android.view.ViewGroup/android.view.ViewGroup/android.view.ViewGroup[1]/android.view.ViewGroup/android.view.ViewGroup</arg>
<arg>timeout=40s</arg>
</arguments>
<status status="PASS" starttime="20210927 16:00:16.017" endtime="20210927 16:00:22.720"></status>
</kw>
<kw name="Click Element" library="AppiumLibrary">
<doc>Click element identified by `locator`.</doc>
<arguments>
<arg>xpath=/hierarchy/android.widget.FrameLayout/android.widget.LinearLayout/android.widget.FrameLayout/android.widget.LinearLayout/android.widget.FrameLayout/androidx.drawerlayout.widget.DrawerLayout/android.view.ViewGroup/android.widget.FrameLayout/android.widget.FrameLayout/android.widget.FrameLayout/android.view.ViewGroup/android.view.ViewGroup/android.view.ViewGroup/android.view.ViewGroup/android.view.ViewGroup/android.view.ViewGroup/android.view.ViewGroup[1]/android.view.ViewGroup/android.view.ViewGroup</arg>
</arguments>
<msg timestamp="20210927 16:00:22.724" level="INFO">Clicking element 'xpath=/hierarchy/android.widget.FrameLayout/android.widget.LinearLayout/android.widget.FrameLayout/android.widget.LinearLayout/android.widget.FrameLayout/androidx.drawerlayout.widget.DrawerLayout/android.view.ViewGroup/android.widget.FrameLayout/android.widget.FrameLayout/android.widget.FrameLayout/android.view.ViewGroup/android.view.ViewGroup/android.view.ViewGroup/android.view.ViewGroup/android.view.ViewGroup/android.view.ViewGroup/android.view.ViewGroup[1]/android.view.ViewGroup/android.view.ViewGroup'.</msg>
<status status="PASS" starttime="20210927 16:00:22.720" endtime="20210927 16:00:23.070"></status>
</kw>
<kw name="Quit Application" library="AppiumLibrary">
<doc>Quit application. Application can be quit while Appium session is kept alive.
This keyword can be used to close application during test case or between test cases.</doc>
<status status="PASS" starttime="20210927 16:00:23.070" endtime="20210927 16:00:24.243"></status>
</kw>
<status status="PASS" starttime="20210927 16:00:14.172" endtime="20210927 16:00:24.244"></status>
</kw>
<status status="PASS" starttime="20210927 15:59:41.556" endtime="20210927 16:00:24.246" critical="yes"></status>
</test>
<test id="s1-s1-t2" name="User Shouble be able check the product">
<kw name="Verify the product">
<kw name="Launch Application" library="AppiumLibrary">
<doc>Launch application. Application can be launched while Appium session running.
This keyword can be used to launch application during test case or between test cases.</doc>
<status status="PASS" starttime="20210927 16:00:24.252" endtime="20210927 16:00:28.882"></status>
</kw>
<kw name="Wait Until Element Is Visible" library="AppiumLibrary">
<doc>Waits until element specified with `locator` is visible.</doc>
<arguments>
<arg>id=com.flipkart.android:id/cart_count</arg>
<arg>timeout=40s</arg>
</arguments>
<status status="PASS" starttime="20210927 16:00:28.882" endtime="20210927 16:00:30.661"></status>
</kw>
<kw name="Click Element" library="AppiumLibrary">
<doc>Click element identified by `locator`.</doc>
<arguments>
<arg>id=com.flipkart.android:id/cart_count</arg>
</arguments>
<msg timestamp="20210927 16:00:30.665" level="INFO">Clicking element 'id=com.flipkart.android:id/cart_count'.</msg>
<status status="PASS" starttime="20210927 16:00:30.661" endtime="20210927 16:00:32.080"></status>
</kw>
<status status="PASS" starttime="20210927 16:00:24.251" endtime="20210927 16:00:32.081"></status>
</kw>
<status status="PASS" starttime="20210927 16:00:24.249" endtime="20210927 16:00:32.082" critical="yes"></status>
</test>
<status status="PASS" starttime="20210927 15:59:41.326" endtime="20210927 16:00:32.085"></status>
</suite>
<status status="PASS" starttime="20210927 15:59:41.297" endtime="20210927 16:00:32.092"></status>
</suite>
<statistics>
<total>
<stat pass="2" fail="0">Critical Tests</stat>
<stat pass="2" fail="0">All Tests</stat>
</total>
<tag>
</tag>
<suite>
<stat pass="2" fail="0" id="s1" name="Tests">Tests</stat>
<stat pass="2" fail="0" id="s1-s1" name="Test">Tests.Test</stat>
</suite>
</statistics>
<errors>
</errors>
</robot>
